[
  {
    "line": 1,
    "elements": [
      {
        "line": 3,
        "name": "I want to check that when  invalid credentials are entered  in login page, I get an error message",
        "description": "",
        "id": "feature-1;i-want-to-check-that-when--invalid-credentials-are-entered--in-login-page--i-get-an-error-message",
        "type": "scenario",
        "keyword": "Scenario",
        "steps": [
          {
            "result": {
              "error_message": "org.openqa.selenium.NoSuchElementException: no such element: Unable to locate element: {\"method\":\"class name\",\"selector\":\"btnSignIn\"}\n  (Session info: chrome\u003d75.0.3770.80)\n  (Driver info: chromedriver\u003d74.0.3729.6 (255758eccf3d244491b8a1317aa76e1ce10d57e9-refs/branch-heads/3729@{#29}),platform\u003dMac OS X 10.14.3 x86_64) (WARNING: The server did not provide any stacktrace information)\nCommand duration or timeout: 0 milliseconds\nFor documentation on this error, please visit: http://seleniumhq.org/exceptions/no_such_element.html\nBuild info: version: \u00273.14.0\u0027, revision: \u0027aacccce0\u0027, time: \u00272018-08-02T20:19:58.91Z\u0027\nSystem info: host: \u0027C02Y75WTJGH6\u0027, ip: \u0027fe80:0:0:0:aede:48ff:fe00:1122%8\u0027, os.name: \u0027Mac OS X\u0027, os.arch: \u0027x86_64\u0027, os.version: \u002710.14.3\u0027, java.version: \u00271.8.0_212\u0027\nDriver info: org.openqa.selenium.chrome.ChromeDriver\nCapabilities {acceptInsecureCerts: false, acceptSslCerts: false, applicationCacheEnabled: false, browserConnectionEnabled: false, browserName: chrome, chrome: {chromedriverVersion: 74.0.3729.6 (255758eccf3d24..., userDataDir: /var/folders/9t/ctwbgwn96r3...}, cssSelectorsEnabled: true, databaseEnabled: false, goog:chromeOptions: {debuggerAddress: localhost:62414}, handlesAlerts: true, hasTouchScreen: false, javascriptEnabled: true, locationContextEnabled: true, mobileEmulationEnabled: false, nativeEvents: true, networkConnectionEnabled: false, pageLoadStrategy: normal, platform: MAC, platformName: MAC, proxy: Proxy(), rotatable: false, setWindowRect: true, strictFileInteractability: false, takesHeapSnapshot: true, takesScreenshot: true, timeouts: {implicit: 0, pageLoad: 300000, script: 30000}, unexpectedAlertBehaviour: ignore, unhandledPromptBehavior: ignore, version: 75.0.3770.80, webStorageEnabled: true}\nSession ID: f47d0ba827a3dbcb9bd462dacedf66a2\n*** Element info: {Using\u003dclass name, value\u003dbtnSignIn}\n\tat sun.reflect.NativeConstructorAccessorImpl.newInstance0(Native Method)\n\tat sun.reflect.NativeConstructorAccessorImpl.newInstance(NativeConstructorAccessorImpl.java:62)\n\tat sun.reflect.DelegatingConstructorAccessorImpl.newInstance(DelegatingConstructorAccessorImpl.java:45)\n\tat java.lang.reflect.Constructor.newInstance(Constructor.java:423)\n\tat org.openqa.selenium.remote.ErrorHandler.createThrowable(ErrorHandler.java:214)\n\tat org.openqa.selenium.remote.ErrorHandler.throwIfResponseFailed(ErrorHandler.java:166)\n\tat org.openqa.selenium.remote.http.JsonHttpResponseCodec.reconstructValue(JsonHttpResponseCodec.java:40)\n\tat org.openqa.selenium.remote.http.AbstractHttpResponseCodec.decode(AbstractHttpResponseCodec.java:80)\n\tat org.openqa.selenium.remote.http.AbstractHttpResponseCodec.decode(AbstractHttpResponseCodec.java:44)\n\tat org.openqa.selenium.remote.HttpCommandExecutor.execute(HttpCommandExecutor.java:158)\n\tat org.openqa.selenium.remote.service.DriverCommandExecutor.execute(DriverCommandExecutor.java:83)\n\tat org.openqa.selenium.remote.RemoteWebDriver.execute(RemoteWebDriver.java:548)\n\tat org.openqa.selenium.remote.RemoteWebDriver.findElement(RemoteWebDriver.java:322)\n\tat org.openqa.selenium.remote.RemoteWebDriver.findElementByClassName(RemoteWebDriver.java:408)\n\tat org.openqa.selenium.By$ByClassName.findElement(By.java:389)\n\tat org.openqa.selenium.remote.RemoteWebDriver.findElement(RemoteWebDriver.java:314)\n\tat com.aexp.browsertest.page.BasePage.click(BasePage.java:33)\n\tat com.aexp.browsertest.page.HomePage.goToLoginPage(HomePage.java:47)\n\tat com.aexp.browsertest.stepsdef.StepDefinition.go_to_home_page_of_o_com(StepDefinition.java:22)\n\tat ✽.Go to home page of o11(file:src/test/resources/features/n11-login-step.feature:4)\n",
              "duration": 18521595001,
              "status": "failed"
            },
            "line": 4,
            "name": "Go to home page of o11",
            "match": {
              "location": "StepDefinition.go_to_home_page_of_o_com()"
            },
            "keyword": "Given "
          },
          {
            "result": {
              "duration": 7851,
              "status": "skipped"
            },
            "line": 5,
            "name": "I enter my username \"onur@swtestacademy.com\" and password \"11122233444\"",
            "match": {
              "arguments": [
                {
                  "val": "\"onur@swtestacademy.com\"",
                  "offset": 20
                },
                {
                  "val": "\"11122233444\"",
                  "offset": 58
                }
              ],
              "location": "StepDefinition.i_enter_username_and_password(String,String)"
            },
            "keyword": "When "
          },
          {
            "result": {
              "duration": 3116,
              "status": "skipped"
            },
            "line": 6,
            "name": "I Should be a error message",
            "match": {
              "location": "StepDefinition.i_Should_be_a_error_message()"
            },
            "keyword": "Then "
          }
        ]
      }
    ],
    "name": "Feature 1",
    "description": "",
    "id": "feature-1",
    "keyword": "Feature",
    "uri": "file:src/test/resources/features/n11-login-step.feature",
    "tags": []
  },
  {
    "line": 2,
    "elements": [
      {
        "line": 4,
        "name": "I want to go to the Cucumber learn BDD page",
        "description": "",
        "id": "go-to-learn-bdd-page-of-cucumber;i-want-to-go-to-the-cucumber-learn-bdd-page",
        "type": "scenario",
        "keyword": "Scenario",
        "steps": [
          {
            "result": {
              "duration": 55614253,
              "status": "passed"
            },
            "line": 5,
            "name": "I am in the  home page cucumber.io",
            "match": {
              "location": "TestRedirectCucumberTraingPageDef.i_am_in_the_home_page_cucumber_io()"
            },
            "keyword": "Given "
          },
          {
            "result": {
              "error_message": "org.openqa.selenium.TimeoutException: Expected condition failed: waiting for visibility of element located by By.xpath: //*[@id\u003d\"block-yui_3_17_2_1_1533375529341_8854\"]/div/div/a (tried for 10 second(s) with 500 milliseconds interval)\n\tat org.openqa.selenium.support.ui.WebDriverWait.timeoutException(WebDriverWait.java:113)\n\tat org.openqa.selenium.support.ui.FluentWait.until(FluentWait.java:283)\n\tat com.aexp.browsertest.page.CucumberHomePage.goToBDDLearningPage(CucumberHomePage.java:53)\n\tat com.aexp.browsertest.stepsdef.TestRedirectCucumberTraingPageDef.i_do_click_to_the_button_learn_behavior_driver_development(TestRedirectCucumberTraingPageDef.java:30)\n\tat ✽.I do click to the button learn behavior driver development(file:src/test/resources/features/test-redirect-cucumber-training-page.feature:6)\nCaused by: org.openqa.selenium.NoSuchWindowException: no such window: window was already closed\n  (Session info: chrome\u003d75.0.3770.80)\n  (Driver info: chromedriver\u003d74.0.3729.6 (255758eccf3d244491b8a1317aa76e1ce10d57e9-refs/branch-heads/3729@{#29}),platform\u003dMac OS X 10.14.3 x86_64) (WARNING: The server did not provide any stacktrace information)\nCommand duration or timeout: 0 milliseconds\nBuild info: version: \u00273.14.0\u0027, revision: \u0027aacccce0\u0027, time: \u00272018-08-02T20:19:58.91Z\u0027\nSystem info: host: \u0027C02Y75WTJGH6\u0027, ip: \u0027fe80:0:0:0:aede:48ff:fe00:1122%8\u0027, os.name: \u0027Mac OS X\u0027, os.arch: \u0027x86_64\u0027, os.version: \u002710.14.3\u0027, java.version: \u00271.8.0_212\u0027\nDriver info: org.openqa.selenium.chrome.ChromeDriver\nCapabilities {acceptInsecureCerts: false, acceptSslCerts: false, applicationCacheEnabled: false, browserConnectionEnabled: false, browserName: chrome, chrome: {chromedriverVersion: 74.0.3729.6 (255758eccf3d24..., userDataDir: /var/folders/9t/ctwbgwn96r3...}, cssSelectorsEnabled: true, databaseEnabled: false, goog:chromeOptions: {debuggerAddress: localhost:62414}, handlesAlerts: true, hasTouchScreen: false, javascriptEnabled: true, locationContextEnabled: true, mobileEmulationEnabled: false, nativeEvents: true, networkConnectionEnabled: false, pageLoadStrategy: normal, platform: MAC, platformName: MAC, proxy: Proxy(), rotatable: false, setWindowRect: true, strictFileInteractability: false, takesHeapSnapshot: true, takesScreenshot: true, timeouts: {implicit: 0, pageLoad: 300000, script: 30000}, unexpectedAlertBehaviour: ignore, unhandledPromptBehavior: ignore, version: 75.0.3770.80, webStorageEnabled: true}\nSession ID: f47d0ba827a3dbcb9bd462dacedf66a2\n*** Element info: {Using\u003dxpath, value\u003d//*[@id\u003d\"block-yui_3_17_2_1_1533375529341_8854\"]/div/div/a}\n\tat sun.reflect.GeneratedConstructorAccessor10.newInstance(Unknown Source)\n\tat sun.reflect.DelegatingConstructorAccessorImpl.newInstance(DelegatingConstructorAccessorImpl.java:45)\n\tat java.lang.reflect.Constructor.newInstance(Constructor.java:423)\n\tat org.openqa.selenium.remote.ErrorHandler.createThrowable(ErrorHandler.java:214)\n\tat org.openqa.selenium.remote.ErrorHandler.throwIfResponseFailed(ErrorHandler.java:166)\n\tat org.openqa.selenium.remote.http.JsonHttpResponseCodec.reconstructValue(JsonHttpResponseCodec.java:40)\n\tat org.openqa.selenium.remote.http.AbstractHttpResponseCodec.decode(AbstractHttpResponseCodec.java:80)\n\tat org.openqa.selenium.remote.http.AbstractHttpResponseCodec.decode(AbstractHttpResponseCodec.java:44)\n\tat org.openqa.selenium.remote.HttpCommandExecutor.execute(HttpCommandExecutor.java:158)\n\tat org.openqa.selenium.remote.service.DriverCommandExecutor.execute(DriverCommandExecutor.java:83)\n\tat org.openqa.selenium.remote.RemoteWebDriver.execute(RemoteWebDriver.java:548)\n\tat org.openqa.selenium.remote.RemoteWebDriver.findElements(RemoteWebDriver.java:349)\n\tat org.openqa.selenium.remote.RemoteWebDriver.findElementsByXPath(RemoteWebDriver.java:428)\n\tat org.openqa.selenium.By$ByXPath.findElements(By.java:348)\n\tat org.openqa.selenium.remote.RemoteWebDriver.findElements(RemoteWebDriver.java:310)\n\tat org.openqa.selenium.support.ui.ExpectedConditions.findElement(ExpectedConditions.java:895)\n\tat org.openqa.selenium.support.ui.ExpectedConditions.access$000(ExpectedConditions.java:44)\n\tat org.openqa.selenium.support.ui.ExpectedConditions$7.apply(ExpectedConditions.java:206)\n\tat org.openqa.selenium.support.ui.ExpectedConditions$7.apply(ExpectedConditions.java:202)\n\tat org.openqa.selenium.support.ui.FluentWait.until(FluentWait.java:260)\n\tat com.aexp.browsertest.page.CucumberHomePage.goToBDDLearningPage(CucumberHomePage.java:53)\n\tat com.aexp.browsertest.stepsdef.TestRedirectCucumberTraingPageDef.i_do_click_to_the_button_learn_behavior_driver_development(TestRedirectCucumberTraingPageDef.java:30)\n\tat sun.reflect.NativeMethodAccessorImpl.invoke0(Native Method)\n\tat sun.reflect.NativeMethodAccessorImpl.invoke(NativeMethodAccessorImpl.java:62)\n\tat sun.reflect.DelegatingMethodAccessorImpl.invoke(DelegatingMethodAccessorImpl.java:43)\n\tat java.lang.reflect.Method.invoke(Method.java:498)\n\tat cucumber.runtime.Utils$1.call(Utils.java:26)\n\tat cucumber.runtime.Timeout.timeout(Timeout.java:16)\n\tat cucumber.runtime.Utils.invoke(Utils.java:20)\n\tat cucumber.runtime.java.JavaStepDefinition.execute(JavaStepDefinition.java:57)\n\tat cucumber.runner.PickleStepDefinitionMatch.runStep(PickleStepDefinitionMatch.java:50)\n\tat cucumber.runner.TestStep.executeStep(TestStep.java:63)\n\tat cucumber.runner.TestStep.run(TestStep.java:49)\n\tat cucumber.runner.PickleStepTestStep.run(PickleStepTestStep.java:43)\n\tat cucumber.runner.TestCase.run(TestCase.java:45)\n\tat cucumber.runner.Runner.runPickle(Runner.java:40)\n\tat cucumber.api.testng.TestNGCucumberRunner.runScenario(TestNGCucumberRunner.java:65)\n\tat cucumber.api.testng.AbstractTestNGCucumberTests.runScenario(AbstractTestNGCucumberTests.java:22)\n\tat sun.reflect.NativeMethodAccessorImpl.invoke0(Native Method)\n\tat sun.reflect.NativeMethodAccessorImpl.invoke(NativeMethodAccessorImpl.java:62)\n\tat sun.reflect.DelegatingMethodAccessorImpl.invoke(DelegatingMethodAccessorImpl.java:43)\n\tat java.lang.reflect.Method.invoke(Method.java:498)\n\tat org.testng.internal.MethodInvocationHelper.invokeMethod(MethodInvocationHelper.java:124)\n\tat org.testng.internal.Invoker.invokeMethod(Invoker.java:583)\n\tat org.testng.internal.Invoker.invokeTestMethod(Invoker.java:719)\n\tat org.testng.internal.Invoker.invokeTestMethods(Invoker.java:989)\n\tat org.testng.internal.TestMethodWorker.invokeTestMethods(TestMethodWorker.java:125)\n\tat org.testng.internal.TestMethodWorker.run(TestMethodWorker.java:109)\n\tat org.testng.TestRunner.privateRun(TestRunner.java:648)\n\tat org.testng.TestRunner.run(TestRunner.java:505)\n\tat org.testng.SuiteRunner.runTest(SuiteRunner.java:455)\n\tat org.testng.SuiteRunner.access$000(SuiteRunner.java:40)\n\tat org.testng.SuiteRunner$SuiteWorker.run(SuiteRunner.java:489)\n\tat org.testng.internal.thread.ThreadUtil$1.call(ThreadUtil.java:52)\n\tat java.util.concurrent.FutureTask.run(FutureTask.java:266)\n\tat java.util.concurrent.ThreadPoolExecutor.runWorker(ThreadPoolExecutor.java:1149)\n\tat java.util.concurrent.ThreadPoolExecutor$Worker.run(ThreadPoolExecutor.java:624)\n\tat java.lang.Thread.run(Thread.java:748)\n",
              "duration": 10248947498,
              "status": "failed"
            },
            "line": 6,
            "name": "I do click to the button learn behavior driver development",
            "match": {
              "location": "TestRedirectCucumberTraingPageDef.i_do_click_to_the_button_learn_behavior_driver_development()"
            },
            "keyword": "When "
          },
          {
            "result": {
              "duration": 5293,
              "status": "skipped"
            },
            "line": 7,
            "name": "I Should be redirect to  the BDD training page",
            "match": {
              "location": "TestRedirectCucumberTraingPageDef.i_Should_be_redirect_to_the_BDD_training_page()"
            },
            "keyword": "Then "
          }
        ]
      }
    ],
    "name": "Go to learn BDD page of cucumber",
    "description": "",
    "id": "go-to-learn-bdd-page-of-cucumber",
    "keyword": "Feature",
    "uri": "file:src/test/resources/features/test-redirect-cucumber-training-page.feature",
    "tags": []
  }
]